{
  message: "Error: TypeError: Cannot read properties of null (reading 'block_categories')",
  level: 'error',
  timestamp: '2022-02-16 12:08:08'
}
{
  message: "Error: TypeError: Cannot read properties of null (reading 'block_categories')",
  level: 'error',
  timestamp: '2022-02-16 12:11:43'
}
{
  message: "Error: TypeError: Cannot read properties of null (reading 'block_categories')",
  level: 'error',
  timestamp: '2022-02-16 12:14:02'
}
{
  message: 'Error: TypeError: s.replace is not a function',
  level: 'error',
  timestamp: '2022-02-16 15:51:47'
}
{
  message: "Error: TypeError: Cannot read properties of null (reading 'password')",
  level: 'error',
  timestamp: '2022-02-16 16:58:58'
}
{
  message: "Error: TypeError: Cannot read properties of null (reading 'password')",
  level: 'error',
  timestamp: '2022-02-16 16:59:52'
}
{
  message: 'Error: SequelizeEagerLoadingError: user_favorite is not associated to FoodItems!',
  level: 'error',
  timestamp: '2022-02-16 17:41:08'
}
{
  message: "Error: SequelizeDatabaseError: Unknown column 'FoodItems.content_id' in 'on clause'",
  level: 'error',
  timestamp: '2022-02-16 17:42:58'
}
{
  message: "Error: SequelizeDatabaseError: Unknown column 'FoodItems.content_id' in 'on clause'",
  level: 'error',
  timestamp: '2022-02-16 17:43:22'
}
{
  message: 'Error: SequelizeEagerLoadingError: user_favorite is not associated to FoodItems!',
  level: 'error',
  timestamp: '2022-02-16 17:44:55'
}
{
  message: 'Error: SequelizeEagerLoadingError: user_favorite is not associated to FoodItems!',
  level: 'error',
  timestamp: '2022-02-16 17:45:30'
}
{
  message: 'Error: SequelizeEagerLoadingError: FoodItems is not associated to FoodItems!',
  level: 'error',
  timestamp: '2022-02-16 17:45:53'
}
{
  message: "Error: SequelizeDatabaseError: Unknown column 'user_favourite_food_item.type_id' in 'on clause'",
  level: 'error',
  timestamp: '2022-02-16 17:50:59'
}
{
  message: "Error: SequelizeEagerLoadingError: user_favorite is associated to FoodItems using an alias. You've included an alias (user_fav_food_item), but it does not match the alias(es) defined in your association (user_favourite_food_item).",
  level: 'error',
  timestamp: '2022-02-16 18:28:19'
}
{
  message: "Error: TypeError: Cannot read properties of undefined (reading 'dataValues')",
  level: 'error',
  timestamp: '2022-02-17 12:21:21'
}
{
  message: "Error: TypeError: Cannot read properties of undefined (reading 'dataValues')",
  level: 'error',
  timestamp: '2022-02-17 12:22:21'
}
{
  message: "Error: TypeError: Cannot read properties of undefined (reading 'dataValues')",
  level: 'error',
  timestamp: '2022-02-17 12:22:45'
}
{
  message: "Error: TypeError: Cannot read properties of undefined (reading 'dataValues')",
  level: 'error',
  timestamp: '2022-02-17 12:23:01'
}
{
  message: "Error: TypeError: Cannot read properties of undefined (reading 'dataValues')",
  level: 'error',
  timestamp: '2022-02-17 12:23:49'
}
{
  message: "Error: TypeError: Cannot read properties of undefined (reading 'dataValues')",
  level: 'error',
  timestamp: '2022-02-17 12:24:10'
}
{
  message: "Error: TypeError: Cannot read properties of undefined (reading 'forEach')",
  level: 'error',
  timestamp: '2022-02-20 12:09:47'
}
{
  message: "Error: TypeError: Cannot read properties of null (reading 'id')",
  level: 'error',
  timestamp: '2022-02-20 16:02:01'
}
{
  message: 'Error: ReferenceError: itemObj is not defined',
  level: 'error',
  timestamp: '2022-02-22 10:53:52'
}
{
  message: "Error: TypeError: Cannot read properties of undefined (reading 'push')",
  level: 'error',
  timestamp: '2022-02-22 10:56:48'
}
{
  message: 'Error: ReferenceError: mealIdeaItem is not defined',
  level: 'error',
  timestamp: '2022-02-22 10:59:42'
}
{
  message: 'Error: ReferenceError: totalItems is not defined',
  level: 'error',
  timestamp: '2022-02-23 15:53:12'
}
{
  message: "Error: TypeError: Cannot read properties of null (reading 'id')",
  level: 'error',
  timestamp: '2022-02-24 18:24:14'
}
{
  message: "Error: TypeError: Cannot read properties of null (reading 'id')",
  level: 'error',
  timestamp: '2022-02-24 18:24:16'
}
{
  message: "Error: TypeError: Cannot read properties of null (reading 'id')",
  level: 'error',
  timestamp: '2022-02-24 18:27:17'
}
{
  message: "Error: TypeError: Cannot read properties of null (reading 'id')",
  level: 'error',
  timestamp: '2022-02-24 18:28:53'
}
{
  message: 'Error: err',
  level: 'error',
  timestamp: '2022-03-24 00:39:06'
}
{
  message: 'Error: err',
  level: 'error',
  timestamp: '2022-03-24 00:40:16'
}
{
  message: 'Error: err',
  level: 'error',
  timestamp: '2022-03-24 01:25:13'
}
{
  message: 'Error: err',
  level: 'error',
  timestamp: '2022-03-24 01:25:36'
}
